<?xml version="1.0" encoding="UTF-8"?>
<testsuite xmlns:xsi="http://www.w3.org/2001/XMLSchema-instance" xsi:noNamespaceSchemaLocation="https://maven.apache.org/surefire/maven-surefire-plugin/xsd/surefire-test-report-3.0.xsd" version="3.0" name="examples.ExamplesTest" time="9.051" tests="1" errors="0" skipped="0" failures="1">
  <properties>
[...]
</properties>
  <testcase name="testParallel" classname="examples.ExamplesTest" time="9.019">
    <failure type="org.opentest4j.AssertionFailedError"><![CDATA[org.opentest4j.AssertionFailedError: 
match failed: EQUALS
  $ | not equal (STRING:STRING)
  'doggie'
  'dog'

classpath:examples/Sample.feature:54 ==> expected: <0> but was: <1>
	at examples.ExamplesTest.testParallel(ExamplesTest.java:15)
]]></failure>
    <system-out><![CDATA[11:07:39.671 [main] DEBUG com.intuit.karate.Suite - [config] classpath:karate-config.js
11:07:39.687 [main] DEBUG com.intuit.karate.Suite - waiting for 2 features to complete
11:07:41.157 [pool-1-thread-2] INFO  com.intuit.karate - karate.env system property was: null 
11:07:41.157 [pool-1-thread-1] INFO  com.intuit.karate - karate.env system property was: null 
11:07:41.157 [pool-1-thread-5] INFO  com.intuit.karate - karate.env system property was: null 
11:07:41.157 [pool-1-thread-4] INFO  com.intuit.karate - karate.env system property was: null 
11:07:41.158 [pool-1-thread-3] INFO  com.intuit.karate - karate.env system property was: null 
11:07:41.255 [pool-1-thread-5] DEBUG com.intuit.karate - request:
1 > GET https://jsonplaceholder.typicode.com/users
1 > Host: jsonplaceholder.typicode.com
1 > Connection: Keep-Alive
1 > User-Agent: Apache-HttpClient/4.5.13 (Java/18.0.1.1)
1 > Accept-Encoding: gzip,deflate


11:07:41.334 [pool-1-thread-4] WARN  com.intuit.karate - remove failed: Missing property in path $['tag']
11:07:41.336 [pool-1-thread-2] DEBUG com.intuit.karate - request:
1 > GET https://rickandmortyapi.com/api/character/2
1 > Host: rickandmortyapi.com
1 > Connection: Keep-Alive
1 > User-Agent: Apache-HttpClient/4.5.13 (Java/18.0.1.1)
1 > Accept-Encoding: gzip,deflate


11:07:41.336 [pool-1-thread-1] DEBUG com.intuit.karate - request:
1 > GET https://rickandmortyapi.com/api/character/1
1 > Host: rickandmortyapi.com
1 > Connection: Keep-Alive
1 > User-Agent: Apache-HttpClient/4.5.13 (Java/18.0.1.1)
1 > Accept-Encoding: gzip,deflate


11:07:41.388 [pool-1-thread-4] DEBUG com.intuit.karate - request:
1 > POST https://petstore.swagger.io/v2/pet
1 > 'accept': application/json
1 > 'Content-Type': application/json
1 > Content-Type: application/json; charset=UTF-8
1 > Content-Length: 176
1 > Host: petstore.swagger.io
1 > Connection: Keep-Alive
1 > User-Agent: Apache-HttpClient/4.5.13 (Java/18.0.1.1)
1 > Accept-Encoding: gzip,deflate
{"id":0,"category":{"id":0,"name":"string"},"name":"doggie","photoUrls":["string"],"tags":[{"id":0,"name":"string"}],"status":"available","tag":[null,{"id":"5","name":"tag2"}]}

11:07:41.388 [pool-1-thread-3] DEBUG com.intuit.karate - request:
1 > POST https://petstore.swagger.io/v2/pet
1 > 'accept': application/json
1 > 'Content-Type': application/json
1 > Content-Type: application/json; charset=UTF-8
1 > Content-Length: 138
1 > Host: petstore.swagger.io
1 > Connection: Keep-Alive
1 > User-Agent: Apache-HttpClient/4.5.13 (Java/18.0.1.1)
1 > Accept-Encoding: gzip,deflate
{"id":0,"category":{"id":0,"name":"string"},"name":"doggie","photoUrls":["string"],"tags":[{"id":0,"name":"string"}],"status":"available"}

11:07:41.945 [pool-1-thread-2] DEBUG com.intuit.karate - response time in milliseconds: 602
1 < 200
1 < Access-Control-Allow-Origin: *
1 < Age: 116529
1 < Cache-Control: max-age=259200
1 < Cache-Status: "Netlify Edge"; hit
1 < Content-Type: application/json; charset=utf-8
1 < Date: Mon, 05 Feb 2024 14:07:41 GMT
1 < Etag: W/"a6e-zQHAPIKFfD+Wv+P+4aCju24Mapw"
1 < Expires: Wed, 07 Feb 2024 05:45:32 GMT
1 < Server: Netlify
1 < Strict-Transport-Security: max-age=31536000
1 < X-Nf-Request-Id: 01HNWSH7V5RJXMREVSJTWD3TNW
1 < X-Powered-By: Express
{"id":2,"name":"Morty Smith","status":"Alive","species":"Human","type":"","gender":"Male","origin":{"name":"unknown","url":""},"location":{"name":"Citadel of Ricks","url":"https://rickandmortyapi.com/api/location/3"},"image":"https://rickandmortyapi.com/api/character/avatar/2.jpeg","episode":["https://rickandmortyapi.com/api/episode/1","https://rickandmortyapi.com/api/episode/2","https://rickandmortyapi.com/api/episode/3","https://rickandmortyapi.com/api/episode/4","https://rickandmortyapi.com/api/episode/5","https://rickandmortyapi.com/api/episode/6","https://rickandmortyapi.com/api/episode/7","https://rickandmortyapi.com/api/episode/8","https://rickandmortyapi.com/api/episode/9","https://rickandmortyapi.com/api/episode/10","https://rickandmortyapi.com/api/episode/11","https://rickandmortyapi.com/api/episode/12","https://rickandmortyapi.com/api/episode/13","https://rickandmortyapi.com/api/episode/14","https://rickandmortyapi.com/api/episode/15","https://rickandmortyapi.com/api/episode/16","https://rickandmortyapi.com/api/episode/17","https://rickandmortyapi.com/api/episode/18","https://rickandmortyapi.com/api/episode/19","https://rickandmortyapi.com/api/episode/20","https://rickandmortyapi.com/api/episode/21","https://rickandmortyapi.com/api/episode/22","https://rickandmortyapi.com/api/episode/23","https://rickandmortyapi.com/api/episode/24","https://rickandmortyapi.com/api/episode/25","https://rickandmortyapi.com/api/episode/26","https://rickandmortyapi.com/api/episode/27","https://rickandmortyapi.com/api/episode/28","https://rickandmortyapi.com/api/episode/29","https://rickandmortyapi.com/api/episode/30","https://rickandmortyapi.com/api/episode/31","https://rickandmortyapi.com/api/episode/32","https://rickandmortyapi.com/api/episode/33","https://rickandmortyapi.com/api/episode/34","https://rickandmortyapi.com/api/episode/35","https://rickandmortyapi.com/api/episode/36","https://rickandmortyapi.com/api/episode/37","https://rickandmortyapi.com/api/episode/38","https://rickandmortyapi.com/api/episode/39","https://rickandmortyapi.com/api/episode/40","https://rickandmortyapi.com/api/episode/41","https://rickandmortyapi.com/api/episode/42","https://rickandmortyapi.com/api/episode/43","https://rickandmortyapi.com/api/episode/44","https://rickandmortyapi.com/api/episode/45","https://rickandmortyapi.com/api/episode/46","https://rickandmortyapi.com/api/episode/47","https://rickandmortyapi.com/api/episode/48","https://rickandmortyapi.com/api/episode/49","https://rickandmortyapi.com/api/episode/50","https://rickandmortyapi.com/api/episode/51"],"url":"https://rickandmortyapi.com/api/character/2","created":"2017-11-04T18:50:21.651Z"}

11:07:41.945 [pool-1-thread-1] DEBUG com.intuit.karate - response time in milliseconds: 603
1 < 200
1 < Access-Control-Allow-Origin: *
1 < Age: 2653
1 < Cache-Control: max-age=259200
1 < Cache-Status: "Netlify Edge"; hit
1 < Content-Type: application/json; charset=utf-8
1 < Date: Mon, 05 Feb 2024 14:07:41 GMT
1 < Etag: W/"a9f-I68Cx5oSPFclkl+Wy2Fr9jNsFS8"
1 < Expires: Thu, 08 Feb 2024 13:23:29 GMT
1 < Server: Netlify
1 < Strict-Transport-Security: max-age=31536000
1 < X-Nf-Request-Id: 01HNWSH7V757YP85G59ZFD92Q4
1 < X-Powered-By: Express
{"id":1,"name":"Rick Sanchez","status":"Alive","species":"Human","type":"","gender":"Male","origin":{"name":"Earth (C-137)","url":"https://rickandmortyapi.com/api/location/1"},"location":{"name":"Citadel of Ricks","url":"https://rickandmortyapi.com/api/location/3"},"image":"https://rickandmortyapi.com/api/character/avatar/1.jpeg","episode":["https://rickandmortyapi.com/api/episode/1","https://rickandmortyapi.com/api/episode/2","https://rickandmortyapi.com/api/episode/3","https://rickandmortyapi.com/api/episode/4","https://rickandmortyapi.com/api/episode/5","https://rickandmortyapi.com/api/episode/6","https://rickandmortyapi.com/api/episode/7","https://rickandmortyapi.com/api/episode/8","https://rickandmortyapi.com/api/episode/9","https://rickandmortyapi.com/api/episode/10","https://rickandmortyapi.com/api/episode/11","https://rickandmortyapi.com/api/episode/12","https://rickandmortyapi.com/api/episode/13","https://rickandmortyapi.com/api/episode/14","https://rickandmortyapi.com/api/episode/15","https://rickandmortyapi.com/api/episode/16","https://rickandmortyapi.com/api/episode/17","https://rickandmortyapi.com/api/episode/18","https://rickandmortyapi.com/api/episode/19","https://rickandmortyapi.com/api/episode/20","https://rickandmortyapi.com/api/episode/21","https://rickandmortyapi.com/api/episode/22","https://rickandmortyapi.com/api/episode/23","https://rickandmortyapi.com/api/episode/24","https://rickandmortyapi.com/api/episode/25","https://rickandmortyapi.com/api/episode/26","https://rickandmortyapi.com/api/episode/27","https://rickandmortyapi.com/api/episode/28","https://rickandmortyapi.com/api/episode/29","https://rickandmortyapi.com/api/episode/30","https://rickandmortyapi.com/api/episode/31","https://rickandmortyapi.com/api/episode/32","https://rickandmortyapi.com/api/episode/33","https://rickandmortyapi.com/api/episode/34","https://rickandmortyapi.com/api/episode/35","https://rickandmortyapi.com/api/episode/36","https://rickandmortyapi.com/api/episode/37","https://rickandmortyapi.com/api/episode/38","https://rickandmortyapi.com/api/episode/39","https://rickandmortyapi.com/api/episode/40","https://rickandmortyapi.com/api/episode/41","https://rickandmortyapi.com/api/episode/42","https://rickandmortyapi.com/api/episode/43","https://rickandmortyapi.com/api/episode/44","https://rickandmortyapi.com/api/episode/45","https://rickandmortyapi.com/api/episode/46","https://rickandmortyapi.com/api/episode/47","https://rickandmortyapi.com/api/episode/48","https://rickandmortyapi.com/api/episode/49","https://rickandmortyapi.com/api/episode/50","https://rickandmortyapi.com/api/episode/51"],"url":"https://rickandmortyapi.com/api/character/1","created":"2017-11-04T18:48:46.250Z"}

11:07:41.945 [pool-1-thread-5] DEBUG com.intuit.karate - response time in milliseconds: 678
1 < 200
1 < Date: Mon, 05 Feb 2024 14:07:41 GMT
1 < Content-Type: application/json; charset=utf-8
1 < Transfer-Encoding: chunked
1 < Connection: keep-alive
1 < Report-To: {"group":"heroku-nel","max_age":3600,"endpoints":[{"url":"https://nel.heroku.com/reports?ts=1701331524&sid=e11707d5-02a7-43ef-b45e-2cf4d2036f7d&s=Uvn6xwrTWkF%2Bi0fBADB8hZp6Y%2BDRKsahnVzPA2GtTdw%3D"}]}
1 < Reporting-Endpoints: heroku-nel=https://nel.heroku.com/reports?ts=1701331524&sid=e11707d5-02a7-43ef-b45e-2cf4d2036f7d&s=Uvn6xwrTWkF%2Bi0fBADB8hZp6Y%2BDRKsahnVzPA2GtTdw%3D
1 < Nel: {"report_to":"heroku-nel","max_age":3600,"success_fraction":0.005,"failure_fraction":0.05,"response_headers":["Via"]}
1 < X-Powered-By: Express
1 < X-Ratelimit-Limit: 1000
1 < X-Ratelimit-Remaining: 999
1 < X-Ratelimit-Reset: 1701331570
1 < Vary: Origin, Accept-Encoding
1 < Access-Control-Allow-Credentials: true
1 < Cache-Control: max-age=43200
1 < Pragma: no-cache
1 < Expires: -1
1 < X-Content-Type-Options: nosniff
1 < Etag: W/"160d-1eMSsxeJRfnVLRBmYJSbCiJZ1qQ"
1 < Via: 1.1 vegur
1 < CF-Cache-Status: HIT
1 < Age: 7846
1 < Server: cloudflare
1 < CF-RAY: 850bb89f697c21e7-MIA
1 < alt-svc: h3=":443"; ma=86400
[
  {
    "id": 1,
    "name": "Leanne Graham",
    "username": "Bret",
    "email": "Sincere@april.biz",
    "address": {
      "street": "Kulas Light",
      "suite": "Apt. 556",
      "city": "Gwenborough",
      "zipcode": "92998-3874",
      "geo": {
        "lat": "-37.3159",
        "lng": "81.1496"
      }
    },
    "phone": "1-770-736-8031 x56442",
    "website": "hildegard.org",
    "company": {
      "name": "Romaguera-Crona",
      "catchPhrase": "Multi-layered client-server neural-net",
      "bs": "harness real-time e-markets"
    }
  },
  {
    "id": 2,
    "name": "Ervin Howell",
    "username": "Antonette",
    "email": "Shanna@melissa.tv",
    "address": {
      "street": "Victor Plains",
      "suite": "Suite 879",
      "city": "Wisokyburgh",
      "zipcode": "90566-7771",
      "geo": {
        "lat": "-43.9509",
        "lng": "-34.4618"
      }
    },
    "phone": "010-692-6593 x09125",
    "website": "anastasia.net",
    "company": {
      "name": "Deckow-Crist",
      "catchPhrase": "Proactive didactic contingency",
      "bs": "synergize scalable supply-chains"
    }
  },
  {
    "id": 3,
    "name": "Clementine Bauch",
    "username": "Samantha",
    "email": "Nathan@yesenia.net",
    "address": {
      "street": "Douglas Extension",
      "suite": "Suite 847",
      "city": "McKenziehaven",
      "zipcode": "59590-4157",
      "geo": {
        "lat": "-68.6102",
        "lng": "-47.0653"
      }
    },
    "phone": "1-463-123-4447",
    "website": "ramiro.info",
    "company": {
      "name": "Romaguera-Jacobson",
      "catchPhrase": "Face to face bifurcated interface",
      "bs": "e-enable strategic applications"
    }
  },
  {
    "id": 4,
    "name": "Patricia Lebsack",
    "username": "Karianne",
    "email": "Julianne.OConner@kory.org",
    "address": {
      "street": "Hoeger Mall",
      "suite": "Apt. 692",
      "city": "South Elvis",
      "zipcode": "53919-4257",
      "geo": {
        "lat": "29.4572",
        "lng": "-164.2990"
      }
    },
    "phone": "493-170-9623 x156",
    "website": "kale.biz",
    "company": {
      "name": "Robel-Corkery",
      "catchPhrase": "Multi-tiered zero tolerance productivity",
      "bs": "transition cutting-edge web services"
    }
  },
  {
    "id": 5,
    "name": "Chelsey Dietrich",
    "username": "Kamren",
    "email": "Lucio_Hettinger@annie.ca",
    "address": {
      "street": "Skiles Walks",
      "suite": "Suite 351",
      "city": "Roscoeview",
      "zipcode": "33263",
      "geo": {
        "lat": "-31.8129",
        "lng": "62.5342"
      }
    },
    "phone": "(254)954-1289",
    "website": "demarco.info",
    "company": {
      "name": "Keebler LLC",
      "catchPhrase": "User-centric fault-tolerant solution",
      "bs": "revolutionize end-to-end systems"
    }
  },
  {
    "id": 6,
    "name": "Mrs. Dennis Schulist",
    "username": "Leopoldo_Corkery",
    "email": "Karley_Dach@jasper.info",
    "address": {
      "street": "Norberto Crossing",
      "suite": "Apt. 950",
      "city": "South Christy",
      "zipcode": "23505-1337",
      "geo": {
        "lat": "-71.4197",
        "lng": "71.7478"
      }
    },
    "phone": "1-477-935-8478 x6430",
    "website": "ola.org",
    "company": {
      "name": "Considine-Lockman",
      "catchPhrase": "Synchronised bottom-line interface",
      "bs": "e-enable innovative applications"
    }
  },
  {
    "id": 7,
    "name": "Kurtis Weissnat",
    "username": "Elwyn.Skiles",
    "email": "Telly.Hoeger@billy.biz",
    "address": {
      "street": "Rex Trail",
      "suite": "Suite 280",
      "city": "Howemouth",
      "zipcode": "58804-1099",
      "geo": {
        "lat": "24.8918",
        "lng": "21.8984"
      }
    },
    "phone": "210.067.6132",
    "website": "elvis.io",
    "company": {
      "name": "Johns Group",
      "catchPhrase": "Configurable multimedia task-force",
      "bs": "generate enterprise e-tailers"
    }
  },
  {
    "id": 8,
    "name": "Nicholas Runolfsdottir V",
    "username": "Maxime_Nienow",
    "email": "Sherwood@rosamond.me",
    "address": {
      "street": "Ellsworth Summit",
      "suite": "Suite 729",
      "city": "Aliyaview",
      "zipcode": "45169",
      "geo": {
        "lat": "-14.3990",
        "lng": "-120.7677"
      }
    },
    "phone": "586.493.6943 x140",
    "website": "jacynthe.com",
    "company": {
      "name": "Abernathy Group",
      "catchPhrase": "Implemented secondary concept",
      "bs": "e-enable extensible e-tailers"
    }
  },
  {
    "id": 9,
    "name": "Glenna Reichert",
    "username": "Delphine",
    "email": "Chaim_McDermott@dana.io",
    "address": {
      "street": "Dayna Park",
      "suite": "Suite 449",
      "city": "Bartholomebury",
      "zipcode": "76495-3109",
      "geo": {
        "lat": "24.6463",
        "lng": "-168.8889"
      }
    },
    "phone": "(775)976-6794 x41206",
    "website": "conrad.com",
    "company": {
      "name": "Yost and Sons",
      "catchPhrase": "Switchable contextually-based project",
      "bs": "aggregate real-time technologies"
    }
  },
  {
    "id": 10,
    "name": "Clementina DuBuque",
    "username": "Moriah.Stanton",
    "email": "Rey.Padberg@karina.biz",
    "address": {
      "street": "Kattie Turnpike",
      "suite": "Suite 198",
      "city": "Lebsackbury",
      "zipcode": "31428-2261",
      "geo": {
        "lat": "-38.2386",
        "lng": "57.2232"
      }
    },
    "phone": "024-648-3804",
    "website": "ambrose.net",
    "company": {
      "name": "Hoeger LLC",
      "catchPhrase": "Centralized empowering task-force",
      "bs": "target end-to-end models"
    }
  }
]

11:07:41.990 [pool-1-thread-1] INFO  com.intuit.karate - [print] {
  "id": 1,
  "name": "Rick Sanchez",
  "status": "Alive",
  "species": "Human",
  "type": "",
  "gender": "Male",
  "origin": {
    "name": "Earth (C-137)",
    "url": "https://rickandmortyapi.com/api/location/1"
  },
  "location": {
    "name": "Citadel of Ricks",
    "url": "https://rickandmortyapi.com/api/location/3"
  },
  "image": "https://rickandmortyapi.com/api/character/avatar/1.jpeg",
  "episode": [
    "https://rickandmortyapi.com/api/episode/1",
    "https://rickandmortyapi.com/api/episode/2",
    "https://rickandmortyapi.com/api/episode/3",
    "https://rickandmortyapi.com/api/episode/4",
    "https://rickandmortyapi.com/api/episode/5",
    "https://rickandmortyapi.com/api/episode/6",
    "https://rickandmortyapi.com/api/episode/7",
    "https://rickandmortyapi.com/api/episode/8",
    "https://rickandmortyapi.com/api/episode/9",
    "https://rickandmortyapi.com/api/episode/10",
    "https://rickandmortyapi.com/api/episode/11",
    "https://rickandmortyapi.com/api/episode/12",
    "https://rickandmortyapi.com/api/episode/13",
    "https://rickandmortyapi.com/api/episode/14",
    "https://rickandmortyapi.com/api/episode/15",
    "https://rickandmortyapi.com/api/episode/16",
    "https://rickandmortyapi.com/api/episode/17",
    "https://rickandmortyapi.com/api/episode/18",
    "https://rickandmortyapi.com/api/episode/19",
    "https://rickandmortyapi.com/api/episode/20",
    "https://rickandmortyapi.com/api/episode/21",
    "https://rickandmortyapi.com/api/episode/22",
    "https://rickandmortyapi.com/api/episode/23",
    "https://rickandmortyapi.com/api/episode/24",
    "https://rickandmortyapi.com/api/episode/25",
    "https://rickandmortyapi.com/api/episode/26",
    "https://rickandmortyapi.com/api/episode/27",
    "https://rickandmortyapi.com/api/episode/28",
    "https://rickandmortyapi.com/api/episode/29",
    "https://rickandmortyapi.com/api/episode/30",
    "https://rickandmortyapi.com/api/episode/31",
    "https://rickandmortyapi.com/api/episode/32",
    "https://rickandmortyapi.com/api/episode/33",
    "https://rickandmortyapi.com/api/episode/34",
    "https://rickandmortyapi.com/api/episode/35",
    "https://rickandmortyapi.com/api/episode/36",
    "https://rickandmortyapi.com/api/episode/37",
    "https://rickandmortyapi.com/api/episode/38",
    "https://rickandmortyapi.com/api/episode/39",
    "https://rickandmortyapi.com/api/episode/40",
    "https://rickandmortyapi.com/api/episode/41",
    "https://rickandmortyapi.com/api/episode/42",
    "https://rickandmortyapi.com/api/episode/43",
    "https://rickandmortyapi.com/api/episode/44",
    "https://rickandmortyapi.com/api/episode/45",
    "https://rickandmortyapi.com/api/episode/46",
    "https://rickandmortyapi.com/api/episode/47",
    "https://rickandmortyapi.com/api/episode/48",
    "https://rickandmortyapi.com/api/episode/49",
    "https://rickandmortyapi.com/api/episode/50",
    "https://rickandmortyapi.com/api/episode/51"
  ],
  "url": "https://rickandmortyapi.com/api/character/1",
  "created": "2017-11-04T18:48:46.250Z"
}
 
11:07:41.990 [pool-1-thread-2] INFO  com.intuit.karate - [print] {
  "id": 2,
  "name": "Morty Smith",
  "status": "Alive",
  "species": "Human",
  "type": "",
  "gender": "Male",
  "origin": {
    "name": "unknown",
    "url": ""
  },
  "location": {
    "name": "Citadel of Ricks",
    "url": "https://rickandmortyapi.com/api/location/3"
  },
  "image": "https://rickandmortyapi.com/api/character/avatar/2.jpeg",
  "episode": [
    "https://rickandmortyapi.com/api/episode/1",
    "https://rickandmortyapi.com/api/episode/2",
    "https://rickandmortyapi.com/api/episode/3",
    "https://rickandmortyapi.com/api/episode/4",
    "https://rickandmortyapi.com/api/episode/5",
    "https://rickandmortyapi.com/api/episode/6",
    "https://rickandmortyapi.com/api/episode/7",
    "https://rickandmortyapi.com/api/episode/8",
    "https://rickandmortyapi.com/api/episode/9",
    "https://rickandmortyapi.com/api/episode/10",
    "https://rickandmortyapi.com/api/episode/11",
    "https://rickandmortyapi.com/api/episode/12",
    "https://rickandmortyapi.com/api/episode/13",
    "https://rickandmortyapi.com/api/episode/14",
    "https://rickandmortyapi.com/api/episode/15",
    "https://rickandmortyapi.com/api/episode/16",
    "https://rickandmortyapi.com/api/episode/17",
    "https://rickandmortyapi.com/api/episode/18",
    "https://rickandmortyapi.com/api/episode/19",
    "https://rickandmortyapi.com/api/episode/20",
    "https://rickandmortyapi.com/api/episode/21",
    "https://rickandmortyapi.com/api/episode/22",
    "https://rickandmortyapi.com/api/episode/23",
    "https://rickandmortyapi.com/api/episode/24",
    "https://rickandmortyapi.com/api/episode/25",
    "https://rickandmortyapi.com/api/episode/26",
    "https://rickandmortyapi.com/api/episode/27",
    "https://rickandmortyapi.com/api/episode/28",
    "https://rickandmortyapi.com/api/episode/29",
    "https://rickandmortyapi.com/api/episode/30",
    "https://rickandmortyapi.com/api/episode/31",
    "https://rickandmortyapi.com/api/episode/32",
    "https://rickandmortyapi.com/api/episode/33",
    "https://rickandmortyapi.com/api/episode/34",
    "https://rickandmortyapi.com/api/episode/35",
    "https://rickandmortyapi.com/api/episode/36",
    "https://rickandmortyapi.com/api/episode/37",
    "https://rickandmortyapi.com/api/episode/38",
    "https://rickandmortyapi.com/api/episode/39",
    "https://rickandmortyapi.com/api/episode/40",
    "https://rickandmortyapi.com/api/episode/41",
    "https://rickandmortyapi.com/api/episode/42",
    "https://rickandmortyapi.com/api/episode/43",
    "https://rickandmortyapi.com/api/episode/44",
    "https://rickandmortyapi.com/api/episode/45",
    "https://rickandmortyapi.com/api/episode/46",
    "https://rickandmortyapi.com/api/episode/47",
    "https://rickandmortyapi.com/api/episode/48",
    "https://rickandmortyapi.com/api/episode/49",
    "https://rickandmortyapi.com/api/episode/50",
    "https://rickandmortyapi.com/api/episode/51"
  ],
  "url": "https://rickandmortyapi.com/api/character/2",
  "created": "2017-11-04T18:50:21.651Z"
}
 
11:07:42.010 [pool-1-thread-5] DEBUG com.intuit.karate - request:
2 > GET https://jsonplaceholder.typicode.com/users/1
2 > Host: jsonplaceholder.typicode.com
2 > Connection: Keep-Alive
2 > User-Agent: Apache-HttpClient/4.5.13 (Java/18.0.1.1)
2 > Accept-Encoding: gzip,deflate


11:07:42.445 [pool-1-thread-3] DEBUG com.intuit.karate - response time in milliseconds: 1054
1 < 200
1 < Date: Mon, 05 Feb 2024 14:07:42 GMT
1 < Content-Type: application/json
1 < Transfer-Encoding: chunked
1 < Connection: keep-alive
1 < Access-Control-Allow-Origin: *
1 < Access-Control-Allow-Methods: GET, POST, DELETE, PUT
1 < Access-Control-Allow-Headers: Content-Type, api_key, Authorization
1 < Server: Jetty(9.2.9.v20150224)
{"id":9223372036854775807,"category":{"id":0,"name":"string"},"name":"doggie","photoUrls":["string"],"tags":[{"id":0,"name":"string"}],"status":"available"}

11:07:42.445 [pool-1-thread-4] DEBUG com.intuit.karate - response time in milliseconds: 1055
1 < 200
1 < Date: Mon, 05 Feb 2024 14:07:42 GMT
1 < Content-Type: application/json
1 < Transfer-Encoding: chunked
1 < Connection: keep-alive
1 < Access-Control-Allow-Origin: *
1 < Access-Control-Allow-Methods: GET, POST, DELETE, PUT
1 < Access-Control-Allow-Headers: Content-Type, api_key, Authorization
1 < Server: Jetty(9.2.9.v20150224)
{"id":9223372036854775807,"category":{"id":0,"name":"string"},"name":"doggie","photoUrls":["string"],"tags":[{"id":0,"name":"string"}],"status":"available"}

11:07:42.445 [pool-1-thread-3] INFO  com.intuit.karate - [print] {
  "id": 9223372036854775807,
  "category": {
    "id": 0,
    "name": "string"
  },
  "name": "doggie",
  "photoUrls": [
    "string"
  ],
  "tags": [
    {
      "id": 0,
      "name": "string"
    }
  ],
  "status": "available"
}
 
11:07:42.445 [pool-1-thread-4] ERROR com.intuit.karate - classpath:examples/Sample.feature:54
And match response.name == 'dog'
match failed: EQUALS
  $ | not equal (STRING:STRING)
  'doggie'
  'dog'

classpath:examples/Sample.feature:54
11:07:42.540 [pool-1-thread-2] INFO  com.intuit.karate - karate.env system property was: null 
11:07:42.556 [pool-1-thread-2] DEBUG com.intuit.karate - request:
1 > POST https://jsonplaceholder.typicode.com/users
1 > Content-Type: application/json; charset=UTF-8
1 > Content-Length: 160
1 > Host: jsonplaceholder.typicode.com
1 > Connection: Keep-Alive
1 > User-Agent: Apache-HttpClient/4.5.13 (Java/18.0.1.1)
1 > Accept-Encoding: gzip,deflate
{"name":"Test User","username":"testuser","email":"test@user.com","address":{"street":"Has No Name","suite":"Apt. 123","city":"Electri","zipcode":"54321-6789"}}

11:07:42.650 [pool-1-thread-5] DEBUG com.intuit.karate - response time in milliseconds: 625
2 < 200
2 < Date: Mon, 05 Feb 2024 14:07:42 GMT
2 < Content-Type: application/json; charset=utf-8
2 < Transfer-Encoding: chunked
2 < Connection: keep-alive
2 < Report-To: {"group":"heroku-nel","max_age":3600,"endpoints":[{"url":"https://nel.heroku.com/reports?ts=1705094145&sid=e11707d5-02a7-43ef-b45e-2cf4d2036f7d&s=ctSyoG6gKxJPmk54gw7t4GDGdG%2BBitdsZ4VBqqUSbi0%3D"}]}
2 < Reporting-Endpoints: heroku-nel=https://nel.heroku.com/reports?ts=1705094145&sid=e11707d5-02a7-43ef-b45e-2cf4d2036f7d&s=ctSyoG6gKxJPmk54gw7t4GDGdG%2BBitdsZ4VBqqUSbi0%3D
2 < Nel: {"report_to":"heroku-nel","max_age":3600,"success_fraction":0.005,"failure_fraction":0.05,"response_headers":["Via"]}
2 < X-Powered-By: Express
2 < X-Ratelimit-Limit: 1000
2 < X-Ratelimit-Remaining: 999
2 < X-Ratelimit-Reset: 1705094178
2 < Vary: Origin, Accept-Encoding
2 < Access-Control-Allow-Credentials: true
2 < Cache-Control: max-age=43200
2 < Pragma: no-cache
2 < Expires: -1
2 < X-Content-Type-Options: nosniff
2 < Etag: W/"1fd-+2Y3G3w049iSZtw5t1mzSnunngE"
2 < Via: 1.1 vegur
2 < CF-Cache-Status: HIT
2 < Age: 3559
2 < Server: cloudflare
2 < CF-RAY: 850bb8a3ab1a7483-MIA
2 < alt-svc: h3=":443"; ma=86400
{
  "id": 1,
  "name": "Leanne Graham",
  "username": "Bret",
  "email": "Sincere@april.biz",
  "address": {
    "street": "Kulas Light",
    "suite": "Apt. 556",
    "city": "Gwenborough",
    "zipcode": "92998-3874",
    "geo": {
      "lat": "-37.3159",
      "lng": "81.1496"
    }
  },
  "phone": "1-770-736-8031 x56442",
  "website": "hildegard.org",
  "company": {
    "name": "Romaguera-Crona",
    "catchPhrase": "Multi-layered client-server neural-net",
    "bs": "harness real-time e-markets"
  }
}

11:07:43.152 [pool-1-thread-2] DEBUG com.intuit.karate - response time in milliseconds: 596
1 < 201
1 < Date: Mon, 05 Feb 2024 14:07:43 GMT
1 < Content-Type: application/json; charset=utf-8
1 < Content-Length: 216
1 < Connection: keep-alive
1 < Report-To: {"group":"heroku-nel","max_age":3600,"endpoints":[{"url":"https://nel.heroku.com/reports?ts=1707142063&sid=e11707d5-02a7-43ef-b45e-2cf4d2036f7d&s=6FzlVsnFpy1rFLJY4Rjd1ypCL1VevkywNA0g1JpCoqo%3D"}]}
1 < Reporting-Endpoints: heroku-nel=https://nel.heroku.com/reports?ts=1707142063&sid=e11707d5-02a7-43ef-b45e-2cf4d2036f7d&s=6FzlVsnFpy1rFLJY4Rjd1ypCL1VevkywNA0g1JpCoqo%3D
1 < Nel: {"report_to":"heroku-nel","max_age":3600,"success_fraction":0.005,"failure_fraction":0.05,"response_headers":["Via"]}
1 < X-Powered-By: Express
1 < X-Ratelimit-Limit: 1000
1 < X-Ratelimit-Remaining: 999
1 < X-Ratelimit-Reset: 1707142085
1 < Vary: Origin, X-HTTP-Method-Override, Accept-Encoding
1 < Access-Control-Allow-Credentials: true
1 < Cache-Control: no-cache
1 < Pragma: no-cache
1 < Expires: -1
1 < Access-Control-Expose-Headers: Location
1 < Location: https://jsonplaceholder.typicode.com/users/11
1 < X-Content-Type-Options: nosniff
1 < Etag: W/"d8-pYV7+YuMGP2hxHPU9ARrf97ifDA"
1 < Via: 1.1 vegur
1 < CF-Cache-Status: DYNAMIC
1 < Server: cloudflare
1 < CF-RAY: 850bb8a6896b333d-MIA
1 < alt-svc: h3=":443"; ma=86400
{
  "name": "Test User",
  "username": "testuser",
  "email": "test@user.com",
  "address": {
    "street": "Has No Name",
    "suite": "Apt. 123",
    "city": "Electri",
    "zipcode": "54321-6789"
  },
  "id": 11
}

11:07:43.169 [pool-1-thread-2] INFO  com.intuit.karate - [print] created id is:  11 
---------------------------------------------------------
feature: classpath:examples/Sample.feature
scenarios:  4 | passed:  3 | failed:  1 | time: 4,0240
---------------------------------------------------------

11:07:44.583 [pool-2-thread-1] INFO  com.intuit.karate.Suite - <<fail>> feature 1 of 2 (1 remaining) classpath:examples/Sample.feature
---------------------------------------------------------
feature: classpath:examples/users/users.feature
scenarios:  2 | passed:  2 | failed:  0 | time: 2,0450
---------------------------------------------------------

11:07:44.724 [pool-2-thread-1] INFO  com.intuit.karate.Suite - <<pass>> feature 2 of 2 (0 remaining) classpath:examples/users/users.feature
Karate version: 1.2.0
======================================================
elapsed:   6,66 | threads:    5 | thread time: 6,07 
features:     2 | skipped:    0 | efficiency: 0,18
scenarios:    6 | passed:     5 | failed: 1
======================================================
>>> failed features:
match failed: EQUALS
  $ | not equal (STRING:STRING)
  'doggie'
  'dog'

classpath:examples/Sample.feature:54
<<<

HTML report: (paste into browser to view) | Karate version: 1.2.0
file:///D:/adapterKarate/lippia-api-sample-project-karate/target/karate-reports/karate-summary.html
===================================================================

]]></system-out>
  </testcase>
</testsuite>